<?xml version="1.0" encoding="UTF-8"?>
<!-- Generated by org.testng.reporters.JUnitReportReporter -->
<testsuite hostname="LAPTOP-D48UAL4I" failures="0" tests="2" name="cucumberStepdefinition.CucumberTestNGRunner" time="7.451" errors="0" timestamp="2025-05-15T18:15:14 IST" skipped="0">
  <testcase classname="cucumberStepdefinition.CucumberTestNGRunner" name="runScenario" time="5.466"/>
  <testcase classname="cucumberStepdefinition.CucumberTestNGRunner" name="runScenario" time="1.985"/>
</testsuite> <!-- cucumberStepdefinition.CucumberTestNGRunner -->
