<?xml version="1.0" encoding="UTF-8"?>
<!-- Generated by org.testng.reporters.JUnitReportReporter -->
<testsuite hostname="LAPTOP-D48UAL4I" failures="0" tests="3" name="ECommerceapplication.E2EEcommerceApplication.SubmitOrderTest" time="18.779" errors="0" timestamp="2025-05-15T19:51:10 IST" skipped="0">
  <testcase classname="ECommerceapplication.E2EEcommerceApplication.SubmitOrderTest" name="orderHistoryTest" time="3.056"/>
  <testcase classname="ECommerceapplication.E2EEcommerceApplication.SubmitOrderTest" name="submitOrder" time="8.646"/>
  <testcase classname="ECommerceapplication.E2EEcommerceApplication.SubmitOrderTest" name="submitOrder" time="7.077"/>
</testsuite> <!-- ECommerceapplication.E2EEcommerceApplication.SubmitOrderTest -->
