<?xml version="1.0" encoding="UTF-8"?>
<!-- Generated by org.testng.reporters.JUnitReportReporter -->
<testsuite hostname="LAPTOP-D48UAL4I" failures="0" tests="1" name="ECommerceapplication.E2EEcommerceApplication.ErrorValidations" time="6.675" errors="0" timestamp="2025-05-12T20:54:45 IST" skipped="0">
  <testcase classname="ECommerceapplication.E2EEcommerceApplication.ErrorValidations" name="productErrorValidation" time="6.675"/>
</testsuite> <!-- ECommerceapplication.E2EEcommerceApplication.ErrorValidations -->
