<?xml version="1.0" encoding="UTF-8"?>
<!-- Generated by org.testng.reporters.JUnitReportReporter -->
<testsuite hostname="LAPTOP-D48UAL4I" failures="0" tests="2" name="cucumberStepdefinition.CucumberTestNGRunner" time="14.731" errors="0" timestamp="2025-05-15T18:29:42 IST" skipped="0">
  <testcase classname="cucumberStepdefinition.CucumberTestNGRunner" name="runScenario" time="6.376"/>
  <testcase classname="cucumberStepdefinition.CucumberTestNGRunner" name="runScenario" time="8.355"/>
</testsuite> <!-- cucumberStepdefinition.CucumberTestNGRunner -->
