<?xml version="1.0" encoding="UTF-8"?>
<!-- Generated by org.testng.reporters.JUnitReportReporter -->
<testsuite hostname="LAPTOP-D48UAL4I" failures="0" tests="3" name="ECommerceapplication.E2EEcommerceApplication.SubmitOrderTest" time="14.067" errors="0" timestamp="2025-05-15T18:22:39 IST" skipped="0">
  <testcase classname="ECommerceapplication.E2EEcommerceApplication.SubmitOrderTest" name="submitOrder" time="5.839"/>
  <testcase classname="ECommerceapplication.E2EEcommerceApplication.SubmitOrderTest" name="orderHistoryTest" time="2.210"/>
  <testcase classname="ECommerceapplication.E2EEcommerceApplication.SubmitOrderTest" name="submitOrder" time="6.018"/>
</testsuite> <!-- ECommerceapplication.E2EEcommerceApplication.SubmitOrderTest -->
